Arguments: 
  /Users/mingyue/Applications/Framer X.app/Contents/Resources/Node/bin/node /Users/mingyue/Applications/Framer X.app/Contents/Resources/Server/node_modules/yarn/lib/cli.js outdated --cwd /Users/mingyue/Library/Autosave Information/Framer-B50F0113-2B05-4159-B083-6A7E5D6DCFF1/container --skip-integrity-check --cache-folder /Users/mingyue/Library/Caches/Framer/yarn/cache --mutex file:/Users/mingyue/Library/Caches/Framer/yarn/mutex --json

PATH: 
  /usr/bin:/bin:/usr/sbin:/sbin

Yarn version: 
  1.9.4

Node version: 
  8.11.2

Platform: 
  darwin x64

Trace: 
  Error: getaddrinfo ENOTFOUND registry.framer.com registry.framer.com:443
      at errnoException (dns.js:50:10)
      at GetAddrInfoReqWrap.onlookup [as oncomplete] (dns.js:92:26)

npm manifest: 
  {
  	"main": "build/index.js",
  	"license": "MIT",
  	"devDependencies": {
  		"@types/react": "^16.4.16",
  		"framer": "^0.9.6"
  	},
  	"peerDependencies": {
  		"framer": "^0.9.6",
  		"react": "^16.3.0",
  		"react-dom": "^16.3.0"
  	},
  	"framer": {
  		"id": "37fc39cf-bf73-4691-a913-ee54541bc06d"
  	},
  	"author": "Mingyue Gao",
  	"dependencies": {
  		"@framer/benjamin.slider": "^1.6.0",
  		"@framer/edoardo.ios-kit": "^1.4.0",
  		"@framer/google.material-design": "^1.0.0",
  		"@framer/iconfinder.location-mini": "^1.3.0",
  		"@framer/ismael.google-maps": "^1.0.0",
  		"@framer/kasimir.iphone-x-kit": "^1.18.0",
  		"@framer/krijn.loading-indicators": "^1.4.0",
  		"@framer/mapbox.mapbox": "^1.1.0",
  		"@framer/piensaenpixel.carto-maps": "^1.2.0",
  		"@framer/unsplash.unsplash": "^1.0.0",
  		"@framer/wilcoschoneveld.tabs": "^1.0.0"
  	}
  }

yarn manifest: 
  No manifest

Lockfile: 
  # THIS IS AN AUTOGENERATED FILE. DO NOT EDIT THIS FILE DIRECTLY.
  # yarn lockfile v1
  
  
  "@babel/runtime@^7.0.0":
    version "7.1.5"
    resolved "https://registry.yarnpkg.com/@babel/runtime/-/runtime-7.1.5.tgz#4170907641cf1f61508f563ece3725150cc6fe39"
    dependencies:
      regenerator-runtime "^0.12.0"
  
  "@framer/benjamin.slider@^1.6.0":
    version "1.6.0"
    resolved "https://registry.framer.com/@framer/benjamin.slider/-/@framer/benjamin.slider-1.6.0.tgz#86783fd26997eca08bf36ef8f363bfb74882389c"
  
  "@framer/edoardo.ios-kit@^1.4.0":
    version "1.4.0"
    resolved "https://registry.framer.com/@framer/edoardo.ios-kit/-/@framer/edoardo.ios-kit-1.4.0.tgz#4baffb96845b3521edc45c46507761782708532e"
  
  "@framer/google.material-design@^1.0.0":
    version "1.0.0"
    resolved "https://registry.framer.com/@framer/google.material-design/-/@framer/google.material-design-1.0.0.tgz#cc7f1df1783659972bffe7ba0e224489c6cc9113"
    dependencies:
      "@material/button" "^0.39.0"
      "@material/card" "^0.39.0"
      "@material/checkbox" "^0.39.1"
      "@material/fab" "^0.39.0"
      "@material/form-field" "^0.39.1"
      "@material/icon-button" "^0.39.0"
      "@material/react-button" "^0.4.2"
      "@material/react-material-icon" "^0.4.2"
      "@material/react-select" "^0.4.2"
      "@material/react-text-field" "^0.4.2"
      "@material/react-top-app-bar" "^0.4.2"
      "@material/ripple" "^0.39.0"
      "@material/select" "^0.39.1"
      "@material/slider" "^0.39.1"
      "@material/switch" "^0.39.1"
      "@material/textfield" "^0.39.1"
      "@material/typography" "^0.39.0"
      styled-components "^3.4.5"
  
  "@framer/iconfinder.location-mini@^1.3.0":
    version "1.3.0"
    resolved "https://registry.framer.com/@framer/iconfinder.location-mini/-/@framer/iconfinder.location-mini-1.3.0.tgz#546d67ba3522ead35720b344dbe40027edf6e73b"
  
  "@framer/ismael.google-maps@^1.0.0":
    version "1.0.0"
    resolved "https://registry.framer.com/@framer/ismael.google-maps/-/@framer/ismael.google-maps-1.0.0.tgz#79b158d5d75f232cc60bf4021b79dfc6d317b998"
  
  "@framer/jonas.mapbox@^1.4.0":
    version "1.4.0"
    resolved "https://registry.framer.com/@framer/jonas.mapbox/-/@framer/jonas.mapbox-1.4.0.tgz#10f450a918b0504cf1dda0cc9d21110d45f55607"
    dependencies:
      react-map-gl "^3.3.0"
  
  "@framer/kasimir.iphone-x-kit@^1.18.0":
    version "1.18.0"
    resolved "https://registry.framer.com/@framer/kasimir.iphone-x-kit/-/@framer/kasimir.iphone-x-kit-1.18.0.tgz#a31b5aa76ed67867a0f8d9cbc7c9f9b48631b602"
  
  "@framer/krijn.loading-indicators@^1.4.0":
    version "1.4.0"
    resolved "https://registry.framer.com/@framer/krijn.loading-indicators/-/@framer/krijn.loading-indicators-1.4.0.tgz#0ae8841ced28c77a228b688b0366340dc2e37cdb"
  
  "@framer/mapbox.mapbox@^1.1.0":
    version "1.1.0"
    resolved "https://registry.framer.com/@framer/mapbox.mapbox/-/@framer/mapbox.mapbox-1.1.0.tgz#427c9310504dfa5757cf9a6c9c8f319cfc7bc264"
    dependencies:
      "@framer/jonas.mapbox" "^1.4.0"
  
  "@framer/piensaenpixel.carto-maps@^1.2.0":
    version "1.2.0"
    resolved "https://registry.framer.com/@framer/piensaenpixel.carto-maps/-/@framer/piensaenpixel.carto-maps-1.2.0.tgz#bd944b0a3b5c3af68bbae00c1631b56a321a7a6b"
    dependencies:
      "@framer/mapbox.mapbox" "^1.1.0"
      "@types/leaflet" "^1.2.11"
      leaflet "^1.3.4"
  
  "@framer/unsplash.unsplash@^1.0.0":
    version "1.0.0"
    resolved "https://registry.framer.com/@framer/unsplash.unsplash/-/@framer/unsplash.unsplash-1.0.0.tgz#ba5a419cd405a6d2bf7ee81bd760cdbe935de630"
  
  "@framer/wilcoschoneveld.tabs@^1.0.0":
    version "1.0.0"
    resolved "https://registry.framer.com/@framer/wilcoschoneveld.tabs/-/@framer/wilcoschoneveld.tabs-1.0.0.tgz#6cf2699a4c9c871e9cfa21a240ad69a0ff42341f"
  
  "@mapbox/geojson-area@0.2.2":
    version "0.2.2"
    resolved "https://registry.yarnpkg.com/@mapbox/geojson-area/-/geojson-area-0.2.2.tgz#18d7814aa36bf23fbbcc379f8e26a22927debf10"
    dependencies:
      wgs84 "0.0.0"
  
  "@mapbox/geojson-types@^1.0.2":
    version "1.0.2"
    resolved "https://registry.yarnpkg.com/@mapbox/geojson-types/-/geojson-types-1.0.2.tgz#9aecf642cb00eab1080a57c4f949a65b4a5846d6"
  
  "@mapbox/jsonlint-lines-primitives@^2.0.2":
    version "2.0.2"
    resolved "https://registry.yarnpkg.com/@mapbox/jsonlint-lines-primitives/-/jsonlint-lines-primitives-2.0.2.tgz#ce56e539f83552b58d10d672ea4d6fc9adc7b234"
  
  "@mapbox/mapbox-gl-supported@^1.4.0":
    version "1.4.0"
    resolved "https://registry.yarnpkg.com/@mapbox/mapbox-gl-supported/-/mapbox-gl-supported-1.4.0.tgz#36946b22944fe2cfa43cfafd5ef36fdb54a069e4"
  
  "@mapbox/point-geometry@0.1.0", "@mapbox/point-geometry@^0.1.0", "@mapbox/point-geometry@~0.1.0":
    version "0.1.0"
    resolved "https://registry.yarnpkg.com/@mapbox/point-geometry/-/point-geometry-0.1.0.tgz#8a83f9335c7860effa2eeeca254332aa0aeed8f2"
  
  "@mapbox/tiny-sdf@^1.1.0":
    version "1.1.0"
    resolved "https://registry.yarnpkg.com/@mapbox/tiny-sdf/-/tiny-sdf-1.1.0.tgz#b0b8f5c22005e6ddb838f421ffd257c1f74f9a20"
  
  "@mapbox/unitbezier@^0.0.0":
    version "0.0.0"
    resolved "https://registry.yarnpkg.com/@mapbox/unitbezier/-/unitbezier-0.0.0.tgz#15651bd553a67b8581fb398810c98ad86a34524e"
  
  "@mapbox/vector-tile@^1.3.1":
    version "1.3.1"
    resolved "https://registry.yarnpkg.com/@mapbox/vector-tile/-/vector-tile-1.3.1.tgz#d3a74c90402d06e89ec66de49ec817ff53409666"
    dependencies:
      "@mapbox/point-geometry" "~0.1.0"
  
  "@mapbox/whoots-js@^3.1.0":
    version "3.1.0"
    resolved "https://registry.yarnpkg.com/@mapbox/whoots-js/-/whoots-js-3.1.0.tgz#497c67a1cef50d1a2459ba60f315e448d2ad87fe"
  
  "@material/animation@^0.34.0":
    version "0.34.0"
    resolved "http://registry.npmjs.org/@material/animation/-/animation-0.34.0.tgz#a99cc9dabf7d0179b4da9a0aaa1575c4d1513823"
  
  "@material/animation@^0.39.0":
    version "0.39.0"
    resolved "https://registry.yarnpkg.com/@material/animation/-/animation-0.39.0.tgz#d3d503c9f87ac1193dc4a5b0cccfaedb39478439"
  
  "@material/base@^0.35.0":
    version "0.35.0"
    resolved "https://registry.yarnpkg.com/@material/base/-/base-0.35.0.tgz#8640c2da385e8cc393ff56153c5a319f5a7704cb"
  
  "@material/base@^0.39.0":
    version "0.39.0"
    resolved "https://registry.yarnpkg.com/@material/base/-/base-0.39.0.tgz#ca451531cf438f51bf999ad7b96b5e8f3929e19a"
  
  "@material/button@^0.38.1":
    version "0.38.1"
    resolved "https://registry.yarnpkg.com/@material/button/-/button-0.38.1.tgz#006fac3c4b11d4731f86b60994ad38ddfc29fca2"
    dependencies:
      "@material/elevation" "^0.38.0"
      "@material/ripple" "^0.38.1"
      "@material/rtl" "^0.36.0"
      "@material/theme" "^0.38.0"
      "@material/typography" "^0.38.0"
  
  "@material/button@^0.39.0":
    version "0.39.3"
    resolved "https://registry.yarnpkg.com/@material/button/-/button-0.39.3.tgz#f2aaaac96932deeb692379a2379eca6eced918ac"
    dependencies:
      "@material/elevation" "^0.39.1"
      "@material/ripple" "^0.39.3"
      "@material/rtl" "^0.39.1"
      "@material/theme" "^0.39.1"
      "@material/typography" "^0.39.0"
  
  "@material/card@^0.39.0":
    version "0.39.3"
    resolved "https://registry.yarnpkg.com/@material/card/-/card-0.39.3.tgz#bd66454ce3560adb9554b15a9e4d2284f17b9af5"
    dependencies:
      "@material/elevation" "^0.39.1"
      "@material/ripple" "^0.39.3"
      "@material/rtl" "^0.39.1"
      "@material/theme" "^0.39.1"
  
  "@material/checkbox@^0.39.1":
    version "0.39.3"
    resolved "https://registry.yarnpkg.com/@material/checkbox/-/checkbox-0.39.3.tgz#4be6bffbe0b6bfcd987bbe9567d17a17738af9fa"
    dependencies:
      "@material/animation" "^0.39.0"
      "@material/base" "^0.39.0"
      "@material/ripple" "^0.39.3"
      "@material/rtl" "^0.39.1"
      "@material/selection-control" "^0.39.3"
      "@material/theme" "^0.39.1"
  
  "@material/elevation@^0.38.0":
    version "0.38.0"
    resolved "https://registry.yarnpkg.com/@material/elevation/-/elevation-0.38.0.tgz#c7f8d0c9a28073b0ec62cb76248b76d5ff467bf8"
    dependencies:
      "@material/animation" "^0.34.0"
      "@material/theme" "^0.38.0"
  
  "@material/elevation@^0.39.1":
    version "0.39.1"
    resolved "https://registry.yarnpkg.com/@material/elevation/-/elevation-0.39.1.tgz#43bb1fe6a0f71332ae11dc18505a8b7cec343dde"
    dependencies:
      "@material/animation" "^0.39.0"
      "@material/theme" "^0.39.1"
  
  "@material/fab@^0.39.0":
    version "0.39.3"
    resolved "https://registry.yarnpkg.com/@material/fab/-/fab-0.39.3.tgz#bb38c5af34528afefb08e159bf6db7b8ee14e391"
    dependencies:
      "@material/animation" "^0.39.0"
      "@material/elevation" "^0.39.1"
      "@material/ripple" "^0.39.3"
      "@material/rtl" "^0.39.1"
      "@material/theme" "^0.39.1"
      "@material/typography" "^0.39.0"
  
  "@material/floating-label@^0.38.0":
    version "0.38.0"
    resolved "https://registry.yarnpkg.com/@material/floating-label/-/floating-label-0.38.0.tgz#557771f8b9d05d0cd7ec6b3bb13ebb0d24d65ab5"
    dependencies:
      "@material/base" "^0.35.0"
      "@material/rtl" "^0.36.0"
      "@material/theme" "^0.38.0"
      "@material/typography" "^0.38.0"
  
  "@material/floating-label@^0.39.1":
    version "0.39.1"
    resolved "https://registry.yarnpkg.com/@material/floating-label/-/floating-label-0.39.1.tgz#8e5f2144460086ee8d586d6715cf0ed1707d3406"
    dependencies:
      "@material/base" "^0.39.0"
      "@material/rtl" "^0.39.1"
      "@material/theme" "^0.39.1"
      "@material/typography" "^0.39.0"
  
  "@material/form-field@^0.39.1":
    version "0.39.3"
    resolved "https://registry.yarnpkg.com/@material/form-field/-/form-field-0.39.3.tgz#bbd149a526bb0c297357d046662be5731d430350"
    dependencies:
      "@material/base" "^0.39.0"
      "@material/rtl" "^0.39.1"
      "@material/selection-control" "^0.39.3"
      "@material/theme" "^0.39.1"
      "@material/typography" "^0.39.0"
  
  "@material/icon-button@^0.39.0":
    version "0.39.3"
    resolved "https://registry.yarnpkg.com/@material/icon-button/-/icon-button-0.39.3.tgz#389fb123c0c0923e05f6e6a6621b8f334fae4ce2"
    dependencies:
      "@material/base" "^0.39.0"
      "@material/ripple" "^0.39.3"
      "@material/theme" "^0.39.1"
  
  "@material/line-ripple@^0.38.0":
    version "0.38.0"
    resolved "https://registry.yarnpkg.com/@material/line-ripple/-/line-ripple-0.38.0.tgz#e70fec82bfd0b718efcbc72c52210e45bd31bcf9"
    dependencies:
      "@material/animation" "^0.34.0"
      "@material/base" "^0.35.0"
      "@material/theme" "^0.38.0"
  
  "@material/line-ripple@^0.39.3":
    version "0.39.3"
    resolved "https://registry.yarnpkg.com/@material/line-ripple/-/line-ripple-0.39.3.tgz#4db9d5ea56f5a4745704627d1e96008716fa471e"
    dependencies:
      "@material/animation" "^0.39.0"
      "@material/base" "^0.39.0"
      "@material/theme" "^0.39.1"
  
  "@material/notched-outline@^0.38.0":
    version "0.38.0"
    resolved "https://registry.yarnpkg.com/@material/notched-outline/-/notched-outline-0.38.0.tgz#75ae05a79cdd6a3761d8ddf3afd763c1450c22c8"
    dependencies:
      "@material/animation" "^0.34.0"
      "@material/base" "^0.35.0"
      "@material/theme" "^0.38.0"
  
  "@material/notched-outline@^0.39.1":
    version "0.39.1"
    resolved "https://registry.yarnpkg.com/@material/notched-outline/-/notched-outline-0.39.1.tgz#bd6d5adc2a0c5f63bb1ab4e1db7d43f37e488fa9"
    dependencies:
      "@material/animation" "^0.39.0"
      "@material/base" "^0.39.0"
      "@material/rtl" "^0.39.1"
      "@material/theme" "^0.39.1"
  
  "@material/react-button@^0.4.2":
    version "0.4.2"
    resolved "https://registry.yarnpkg.com/@material/react-button/-/react-button-0.4.2.tgz#55f617f8a3aa589d1b0435e94ca603bf91c53e84"
    dependencies:
      "@material/button" "^0.38.1"
      "@material/react-ripple" "^0.4.2"
      classnames "^2.2.5"
      prop-types "^15.6.1"
      react "^16.3.2"
  
  "@material/react-floating-label@^0.4.1":
    version "0.4.1"
    resolved "https://registry.yarnpkg.com/@material/react-floating-label/-/react-floating-label-0.4.1.tgz#a17f1eb74b53b860c385c1bc15378022d2628841"
    dependencies:
      "@material/floating-label" "^0.38.0"
      classnames "^2.2.5"
      prop-types "^15.6.1"
      react "^16.3.0"
  
  "@material/react-line-ripple@^0.4.1":
    version "0.4.1"
    resolved "https://registry.yarnpkg.com/@material/react-line-ripple/-/react-line-ripple-0.4.1.tgz#4e07014c980f45a4c7212cd04f835b5ef4823c93"
    dependencies:
      "@material/line-ripple" "^0.38.0"
      classnames "^2.2.5"
      prop-types "^15.6.1"
      react "^16.3.2"
  
  "@material/react-material-icon@^0.4.2":
    version "0.4.2"
    resolved "https://registry.yarnpkg.com/@material/react-material-icon/-/react-material-icon-0.4.2.tgz#a532c0739bed3c7fea9624fa9661659f9ef997db"
    dependencies:
      "@material/react-ripple" "^0.4.2"
      classnames "^2.2.5"
      prop-types "^15.6.1"
      react "^16.3.2"
  
  "@material/react-notched-outline@^0.4.1":
    version "0.4.1"
    resolved "https://registry.yarnpkg.com/@material/react-notched-outline/-/react-notched-outline-0.4.1.tgz#3da419cb89e68fea8ca30ff2dba901657e974c97"
    dependencies:
      "@material/notched-outline" "^0.38.0"
      classnames "^2.2.5"
      prop-types "^15.6.1"
      react "^16.3.2"
  
  "@material/react-ripple@^0.4.2":
    version "0.4.2"
    resolved "https://registry.yarnpkg.com/@material/react-ripple/-/react-ripple-0.4.2.tgz#1e57d42617433cc9f8955ac049367418a10410f0"
    dependencies:
      "@material/ripple" "^0.38.1"
      classnames "^2.2.5"
      prop-types "^15.6.1"
      react "^16.3.2"
  
  "@material/react-select@^0.4.2":
    version "0.4.2"
    resolved "https://registry.yarnpkg.com/@material/react-select/-/react-select-0.4.2.tgz#1a33be24a4adf13c0a21563b07022af3b861865e"
    dependencies:
      "@material/react-floating-label" "^0.4.1"
      "@material/react-line-ripple" "^0.4.1"
      "@material/react-notched-outline" "^0.4.1"
      "@material/select" "^0.38.1"
      classnames "^2.2.5"
      prop-types "^15.6.1"
      react "^16.3.2"
  
  "@material/react-text-field@^0.4.2":
    version "0.4.2"
    resolved "https://registry.yarnpkg.com/@material/react-text-field/-/react-text-field-0.4.2.tgz#909bb34054cc9c35468fde222ea81ec07032ed3a"
    dependencies:
      "@material/react-floating-label" "^0.4.1"
      "@material/react-line-ripple" "^0.4.1"
      "@material/react-notched-outline" "^0.4.1"
      "@material/textfield" "^0.38.1"
      classnames "^2.2.5"
      prop-types "^15.6.1"
      react "^16.3.2"
  
  "@material/react-top-app-bar@^0.4.2":
    version "0.4.2"
    resolved "https://registry.yarnpkg.com/@material/react-top-app-bar/-/react-top-app-bar-0.4.2.tgz#54254b1fab7860a9881d690fe55c03490ac7a1d0"
    dependencies:
      "@material/top-app-bar" "^0.38.1"
      classnames "^2.2.5"
      prop-types "^15.6.1"
      react "^16.3.2"
  
  "@material/ripple@^0.38.1":
    version "0.38.1"
    resolved "https://registry.yarnpkg.com/@material/ripple/-/ripple-0.38.1.tgz#74e61ed28e7680e0fd990fa50fa1949da456b3cb"
    dependencies:
      "@material/animation" "^0.34.0"
      "@material/base" "^0.35.0"
      "@material/theme" "^0.38.0"
  
  "@material/ripple@^0.39.0", "@material/ripple@^0.39.3":
    version "0.39.3"
    resolved "https://registry.yarnpkg.com/@material/ripple/-/ripple-0.39.3.tgz#4ff7a8fec5d5206f0da72a78d026529b53b7d564"
    dependencies:
      "@material/animation" "^0.39.0"
      "@material/base" "^0.39.0"
      "@material/theme" "^0.39.1"
  
  "@material/rtl@^0.36.0":
    version "0.36.0"
    resolved "https://registry.yarnpkg.com/@material/rtl/-/rtl-0.36.0.tgz#a81b587981dc6e09f51e26da8a7447f89358ccd5"
  
  "@material/rtl@^0.39.1":
    version "0.39.1"
    resolved "https://registry.yarnpkg.com/@material/rtl/-/rtl-0.39.1.tgz#dcaf6f93fc6cd540137edb352139dc8139bca436"
  
  "@material/select@^0.38.1":
    version "0.38.1"
    resolved "https://registry.yarnpkg.com/@material/select/-/select-0.38.1.tgz#149c1ddf5146dd6cec052e06b41638b28c7085ea"
    dependencies:
      "@material/animation" "^0.34.0"
      "@material/base" "^0.35.0"
      "@material/floating-label" "^0.38.0"
      "@material/line-ripple" "^0.38.0"
      "@material/notched-outline" "^0.38.0"
      "@material/ripple" "^0.38.1"
      "@material/rtl" "^0.36.0"
      "@material/theme" "^0.38.0"
      "@material/typography" "^0.38.0"
  
  "@material/select@^0.39.1":
    version "0.39.3"
    resolved "https://registry.yarnpkg.com/@material/select/-/select-0.39.3.tgz#d4766ec463b00ded2c6424566fb824155d6efe8c"
    dependencies:
      "@material/animation" "^0.39.0"
      "@material/base" "^0.39.0"
      "@material/floating-label" "^0.39.1"
      "@material/line-ripple" "^0.39.3"
      "@material/notched-outline" "^0.39.1"
      "@material/ripple" "^0.39.3"
      "@material/rtl" "^0.39.1"
      "@material/theme" "^0.39.1"
      "@material/typography" "^0.39.0"
  
  "@material/selection-control@^0.39.3":
    version "0.39.3"
    resolved "https://registry.yarnpkg.com/@material/selection-control/-/selection-control-0.39.3.tgz#2ccdb4e07a7446e462ead824796a8ef18cc27720"
    dependencies:
      "@material/ripple" "^0.39.3"
  
  "@material/slider@^0.39.1":
    version "0.39.1"
    resolved "https://registry.yarnpkg.com/@material/slider/-/slider-0.39.1.tgz#3662f8a3bc9ae353d77b70ee921063162e03a255"
    dependencies:
      "@material/animation" "^0.39.0"
      "@material/base" "^0.39.0"
      "@material/rtl" "^0.39.1"
      "@material/theme" "^0.39.1"
  
  "@material/switch@^0.39.1":
    version "0.39.3"
    resolved "https://registry.yarnpkg.com/@material/switch/-/switch-0.39.3.tgz#c7afdd2f13747e97ee3a7f223cedce84fe940fc1"
    dependencies:
      "@material/animation" "^0.39.0"
      "@material/base" "^0.39.0"
      "@material/elevation" "^0.39.1"
      "@material/ripple" "^0.39.3"
      "@material/rtl" "^0.39.1"
      "@material/selection-control" "^0.39.3"
      "@material/theme" "^0.39.1"
  
  "@material/textfield@^0.38.1":
    version "0.38.1"
    resolved "https://registry.yarnpkg.com/@material/textfield/-/textfield-0.38.1.tgz#f0dc2d7b534a51845a84f71fbd8199b6cc0b5130"
    dependencies:
      "@material/animation" "^0.34.0"
      "@material/base" "^0.35.0"
      "@material/floating-label" "^0.38.0"
      "@material/line-ripple" "^0.38.0"
      "@material/notched-outline" "^0.38.0"
      "@material/ripple" "^0.38.1"
      "@material/rtl" "^0.36.0"
      "@material/theme" "^0.38.0"
      "@material/typography" "^0.38.0"
  
  "@material/textfield@^0.39.1":
    version "0.39.3"
    resolved "https://registry.yarnpkg.com/@material/textfield/-/textfield-0.39.3.tgz#38520fad2615cceb0406d6e9b28f3afee749d7b1"
    dependencies:
      "@material/animation" "^0.39.0"
      "@material/base" "^0.39.0"
      "@material/floating-label" "^0.39.1"
      "@material/line-ripple" "^0.39.3"
      "@material/notched-outline" "^0.39.1"
      "@material/ripple" "^0.39.3"
      "@material/rtl" "^0.39.1"
      "@material/theme" "^0.39.1"
      "@material/typography" "^0.39.0"
  
  "@material/theme@^0.38.0":
    version "0.38.0"
    resolved "https://registry.yarnpkg.com/@material/theme/-/theme-0.38.0.tgz#c1a2247eba4af2ba47da4456921ab420869fda55"
  
  "@material/theme@^0.39.1":
    version "0.39.1"
    resolved "https://registry.yarnpkg.com/@material/theme/-/theme-0.39.1.tgz#5fb160222e2b213628b285af26ca65c6f4327fe5"
  
  "@material/top-app-bar@^0.38.1":
    version "0.38.1"
    resolved "https://registry.yarnpkg.com/@material/top-app-bar/-/top-app-bar-0.38.1.tgz#e3dd6fa59c9510c99d311840272f6b93fca62e08"
    dependencies:
      "@material/animation" "^0.34.0"
      "@material/base" "^0.35.0"
      "@material/elevation" "^0.38.0"
      "@material/ripple" "^0.38.1"
      "@material/rtl" "^0.36.0"
      "@material/theme" "^0.38.0"
      "@material/typography" "^0.38.0"
  
  "@material/typography@^0.38.0":
    version "0.38.0"
    resolved "https://registry.yarnpkg.com/@material/typography/-/typography-0.38.0.tgz#fff8e4f25c5ef7b0afb5ed414bc700981e431703"
  
  "@material/typography@^0.39.0":
    version "0.39.0"
    resolved "https://registry.yarnpkg.com/@material/typography/-/typography-0.39.0.tgz#7d7468673e104609d926528ffe5571cfd44d8c3c"
  
  "@types/geojson@*":
    version "7946.0.4"
    resolved "https://registry.yarnpkg.com/@types/geojson/-/geojson-7946.0.4.tgz#4e049756383c3f055dd8f3d24e63fb543e98eb07"
  
  "@types/leaflet@^1.2.11":
    version "1.2.14"
    resolved "https://registry.yarnpkg.com/@types/leaflet/-/leaflet-1.2.14.tgz#912bcacdc2cfa62787573a27ca617ffb67f89614"
    dependencies:
      "@types/geojson" "*"
  
  "@types/prop-types@*":
    version "15.5.6"
    resolved "https://registry.yarnpkg.com/@types/prop-types/-/prop-types-15.5.6.tgz#9c03d3fed70a8d517c191b7734da2879b50ca26c"
  
  "@types/react@^16.4.16":
    version "16.4.16"
    resolved "https://registry.yarnpkg.com/@types/react/-/react-16.4.16.tgz#99f91b1200ae8c2062030402006d3b3c3a177043"
    dependencies:
      "@types/prop-types" "*"
      csstype "^2.2.0"
  
  acorn@^5.0.0:
    version "5.7.3"
    resolved "https://registry.yarnpkg.com/acorn/-/acorn-5.7.3.tgz#67aa231bf8812974b85235a96771eb6bd07ea279"
  
  ansicolors@~0.2.1:
    version "0.2.1"
    resolved "https://registry.yarnpkg.com/ansicolors/-/ansicolors-0.2.1.tgz#be089599097b74a5c9c4a84a0cdbcdb62bd87aef"
  
  asap@~2.0.3:
    version "2.0.6"
    resolved "https://registry.yarnpkg.com/asap/-/asap-2.0.6.tgz#e50347611d7e690943208bbdafebcbc2fb866d46"
  
  babel-runtime@^6.23.0:
    version "6.26.0"
    resolved "https://registry.yarnpkg.com/babel-runtime/-/babel-runtime-6.26.0.tgz#965c7058668e82b55d7bfe04ff2337bc8b5647fe"
    dependencies:
      core-js "^2.4.0"
      regenerator-runtime "^0.11.0"
  
  base64-js@^1.0.2:
    version "1.3.0"
    resolved "https://registry.yarnpkg.com/base64-js/-/base64-js-1.3.0.tgz#cab1e6118f051095e58b5281aea8c1cd22bfc0e3"
  
  brfs@^1.4.4:
    version "1.6.1"
    resolved "https://registry.yarnpkg.com/brfs/-/brfs-1.6.1.tgz#b78ce2336d818e25eea04a0947cba6d4fb8849c3"
    dependencies:
      quote-stream "^1.0.1"
      resolve "^1.1.5"
      static-module "^2.2.0"
      through2 "^2.0.0"
  
  buffer-equal@0.0.1:
    version "0.0.1"
    resolved "https://registry.yarnpkg.com/buffer-equal/-/buffer-equal-0.0.1.tgz#91bc74b11ea405bc916bc6aa908faafa5b4aac4b"
  
  buffer-from@^1.0.0:
    version "1.1.1"
    resolved "https://registry.yarnpkg.com/buffer-from/-/buffer-from-1.1.1.tgz#32713bc028f75c02fdb710d7c7bcec1f2c6070ef"
  
  buffer@^5.0.3:
    version "5.2.1"
    resolved "https://registry.yarnpkg.com/buffer/-/buffer-5.2.1.tgz#dd57fa0f109ac59c602479044dca7b8b3d0b71d6"
    dependencies:
      base64-js "^1.0.2"
      ieee754 "^1.1.4"
  
  cardinal@~0.4.2:
    version "0.4.4"
    resolved "https://registry.yarnpkg.com/cardinal/-/cardinal-0.4.4.tgz#ca5bb68a5b511b90fe93b9acea49bdee5c32bfe2"
    dependencies:
      ansicolors "~0.2.1"
      redeyed "~0.4.0"
  
  classnames@^2.2.5:
    version "2.2.6"
    resolved "https://registry.yarnpkg.com/classnames/-/classnames-2.2.6.tgz#43935bffdd291f326dad0a205309b38d00f650ce"
  
  concat-stream@~1.6.0:
    version "1.6.2"
    resolved "https://registry.yarnpkg.com/concat-stream/-/concat-stream-1.6.2.tgz#904bdf194cd3122fc675c77fc4ac3d4ff0fd1a34"
    dependencies:
      buffer-from "^1.0.0"
      inherits "^2.0.3"
      readable-stream "^2.2.2"
      typedarray "^0.0.6"
  
  convert-source-map@^1.5.1:
    version "1.6.0"
    resolved "https://registry.yarnpkg.com/convert-source-map/-/convert-source-map-1.6.0.tgz#51b537a8c43e0f04dec1993bffcdd504e758ac20"
    dependencies:
      safe-buffer "~5.1.1"
  
  core-js@^1.0.0:
    version "1.2.7"
    resolved "https://registry.yarnpkg.com/core-js/-/core-js-1.2.7.tgz#652294c14651db28fa93bd2d5ff2983a4f08c636"
  
  core-js@^2.4.0:
    version "2.5.7"
    resolved "https://registry.yarnpkg.com/core-js/-/core-js-2.5.7.tgz#f972608ff0cead68b841a16a932d0b183791814e"
  
  core-util-is@~1.0.0:
    version "1.0.2"
    resolved "https://registry.yarnpkg.com/core-util-is/-/core-util-is-1.0.2.tgz#b5fd54220aa2bc5ab57aab7140c940754503c1a7"
  
  css-color-keywords@^1.0.0:
    version "1.0.0"
    resolved "https://registry.yarnpkg.com/css-color-keywords/-/css-color-keywords-1.0.0.tgz#fea2616dc676b2962686b3af8dbdbe180b244e05"
  
  css-to-react-native@^2.0.3:
    version "2.2.2"
    resolved "https://registry.yarnpkg.com/css-to-react-native/-/css-to-react-native-2.2.2.tgz#c077d0f7bf3e6c915a539e7325821c9dd01f9965"
    dependencies:
      css-color-keywords "^1.0.0"
      fbjs "^0.8.5"
      postcss-value-parser "^3.3.0"
  
  csscolorparser@~1.0.2:
    version "1.0.3"
    resolved "https://registry.yarnpkg.com/csscolorparser/-/csscolorparser-1.0.3.tgz#b34f391eea4da8f3e98231e2ccd8df9c041f171b"
  
  csstype@^2.2.0:
    version "2.5.5"
    resolved "https://registry.yarnpkg.com/csstype/-/csstype-2.5.5.tgz#4125484a3d42189a863943f23b9e4b80fedfa106"
  
  deep-is@~0.1.3:
    version "0.1.3"
    resolved "https://registry.yarnpkg.com/deep-is/-/deep-is-0.1.3.tgz#b369d6fb5dbc13eecf524f91b070feedc357cf34"
  
  draft-js@0.10.4:
    version "0.10.4"
    resolved "https://registry.yarnpkg.com/draft-js/-/draft-js-0.10.4.tgz#147741642097c8120d8edc232e9503e8b7fb8d35"
    dependencies:
      fbjs "^0.8.15"
      immutable "~3.7.4"
      object-assign "^4.1.0"
  
  duplexer2@~0.1.4:
    version "0.1.4"
    resolved "https://registry.yarnpkg.com/duplexer2/-/duplexer2-0.1.4.tgz#8b12dab878c0d69e3e7891051662a32fc6bddcc1"
    dependencies:
      readable-stream "^2.0.2"
  
  earcut@^2.1.3:
    version "2.1.3"
    resolved "https://registry.yarnpkg.com/earcut/-/earcut-2.1.3.tgz#ca579545f351941af7c3d0df49c9f7d34af99b0c"
  
  encoding@^0.1.11:
    version "0.1.12"
    resolved "https://registry.yarnpkg.com/encoding/-/encoding-0.1.12.tgz#538b66f3ee62cd1ab51ec323829d1f9480c74beb"
    dependencies:
      iconv-lite "~0.4.13"
  
  escodegen@^1.8.1:
    version "1.11.0"
    resolved "https://registry.yarnpkg.com/escodegen/-/escodegen-1.11.0.tgz#b27a9389481d5bfd5bec76f7bb1eb3f8f4556589"
    dependencies:
      esprima "^3.1.3"
      estraverse "^4.2.0"
      esutils "^2.0.2"
      optionator "^0.8.1"
    optionalDependencies:
      source-map "~0.6.1"
  
  escodegen@~1.9.0:
    version "1.9.1"
    resolved "https://registry.yarnpkg.com/escodegen/-/escodegen-1.9.1.tgz#dbae17ef96c8e4bedb1356f4504fa4cc2f7cb7e2"
    dependencies:
      esprima "^3.1.3"
      estraverse "^4.2.0"
      esutils "^2.0.2"
      optionator "^0.8.1"
    optionalDependencies:
      source-map "~0.6.1"
  
  esprima@^3.1.3:
    version "3.1.3"
    resolved "https://registry.yarnpkg.com/esprima/-/esprima-3.1.3.tgz#fdca51cee6133895e3c88d535ce49dbff62a4633"
  
  esprima@~1.0.4:
    version "1.0.4"
    resolved "https://registry.yarnpkg.com/esprima/-/esprima-1.0.4.tgz#9f557e08fc3b4d26ece9dd34f8fbf476b62585ad"
  
  estraverse@^4.2.0:
    version "4.2.0"
    resolved "https://registry.yarnpkg.com/estraverse/-/estraverse-4.2.0.tgz#0dee3fed31fcd469618ce7342099fc1afa0bdb13"
  
  esutils@^2.0.2:
    version "2.0.2"
    resolved "https://registry.yarnpkg.com/esutils/-/esutils-2.0.2.tgz#0abf4f1caa5bcb1f7a9d8acc6dea4faaa04bac9b"
  
  eventemitter3@^3.1.0:
    version "3.1.0"
    resolved "https://registry.yarnpkg.com/eventemitter3/-/eventemitter3-3.1.0.tgz#090b4d6cdbd645ed10bf750d4b5407942d7ba163"
  
  expect.js@~0.2.0:
    version "0.2.0"
    resolved "https://registry.yarnpkg.com/expect.js/-/expect.js-0.2.0.tgz#1028533d2c1c363f74a6796ff57ec0520ded2be1"
  
  falafel@^2.1.0:
    version "2.1.0"
    resolved "https://registry.yarnpkg.com/falafel/-/falafel-2.1.0.tgz#96bb17761daba94f46d001738b3cedf3a67fe06c"
    dependencies:
      acorn "^5.0.0"
      foreach "^2.0.5"
      isarray "0.0.1"
      object-keys "^1.0.6"
  
  fast-levenshtein@~2.0.4:
    version "2.0.6"
    resolved "https://registry.yarnpkg.com/fast-levenshtein/-/fast-levenshtein-2.0.6.tgz#3d8a5c66883a16a30ca8643e851f19baa7797917"
  
  fbjs@^0.8.15, fbjs@^0.8.16, fbjs@^0.8.5:
    version "0.8.17"
    resolved "https://registry.yarnpkg.com/fbjs/-/fbjs-0.8.17.tgz#c4d598ead6949112653d6588b01a5cdcd9f90fdd"
    dependencies:
      core-js "^1.0.0"
      isomorphic-fetch "^2.1.1"
      loose-envify "^1.0.0"
      object-assign "^4.1.0"
      promise "^7.1.1"
      setimmediate "^1.0.5"
      ua-parser-js "^0.7.18"
  
  foreach@^2.0.5:
    version "2.0.5"
    resolved "https://registry.yarnpkg.com/foreach/-/foreach-2.0.5.tgz#0bee005018aeb260d0a3af3ae658dd0136ec1b99"
  
  framer@^0.9.6:
    version "0.9.7"
    resolved "https://registry.yarnpkg.com/framer/-/framer-0.9.7.tgz#a539ab5ddfebea21ace8afa69d8c5842ab4a91fa"
    dependencies:
      draft-js "0.10.4"
      eventemitter3 "^3.1.0"
      hsluv "^0.0.3"
      immutable "^3.8.2"
  
  function-bind@^1.1.1:
    version "1.1.1"
    resolved "https://registry.yarnpkg.com/function-bind/-/function-bind-1.1.1.tgz#a56899d3ea3c9bab874bb9773b7c5ede92f4895d"
  
  geojson-rewind@^0.3.0:
    version "0.3.1"
    resolved "https://registry.yarnpkg.com/geojson-rewind/-/geojson-rewind-0.3.1.tgz#22240797c847cc2f0c1d313e4aa0c915afa7f29d"
    dependencies:
      "@mapbox/geojson-area" "0.2.2"
      concat-stream "~1.6.0"
      minimist "1.2.0"
      sharkdown "^0.1.0"
  
  geojson-vt@^3.2.0:
    version "3.2.1"
    resolved "https://registry.yarnpkg.com/geojson-vt/-/geojson-vt-3.2.1.tgz#f8adb614d2c1d3f6ee7c4265cad4bbf3ad60c8b7"
  
  gl-mat3@^1.0.0:
    version "1.0.0"
    resolved "https://registry.yarnpkg.com/gl-mat3/-/gl-mat3-1.0.0.tgz#89633219ca429379a16b9185d95d41713453b912"
  
  gl-mat4@^1.1.4:
    version "1.2.0"
    resolved "https://registry.yarnpkg.com/gl-mat4/-/gl-mat4-1.2.0.tgz#49d8a7636b70aa00819216635f4a3fd3f4669b26"
  
  gl-matrix@^2.6.1:
    version "2.8.1"
    resolved "https://registry.yarnpkg.com/gl-matrix/-/gl-matrix-2.8.1.tgz#1c7873448eac61d2cd25803a074e837bd42581a3"
  
  gl-quat@^1.0.0:
    version "1.0.0"
    resolved "https://registry.yarnpkg.com/gl-quat/-/gl-quat-1.0.0.tgz#0945ec923386f45329be5dc357b1c8c2d47586c5"
    dependencies:
      gl-mat3 "^1.0.0"
      gl-vec3 "^1.0.3"
      gl-vec4 "^1.0.0"
  
  gl-vec2@^1.0.0:
    version "1.3.0"
    resolved "https://registry.yarnpkg.com/gl-vec2/-/gl-vec2-1.3.0.tgz#83d472ed46034de8e09cbc857123fb6c81c51199"
  
  gl-vec3@^1.0.3:
    version "1.1.3"
    resolved "https://registry.yarnpkg.com/gl-vec3/-/gl-vec3-1.1.3.tgz#a47c62f918774a06cbed1b65bcd0288ecbb03826"
  
  gl-vec4@^1.0.0, gl-vec4@^1.0.1:
    version "1.0.1"
    resolved "https://registry.yarnpkg.com/gl-vec4/-/gl-vec4-1.0.1.tgz#97d96878281b14b532cbce101785dfd1cb340964"
  
  grid-index@^1.0.0:
    version "1.0.0"
    resolved "https://registry.yarnpkg.com/grid-index/-/grid-index-1.0.0.tgz#ad2c5d54ce5b35437faff1d70a9aeb3d1d261110"
  
  hammerjs@^2.0.8:
    version "2.0.8"
    resolved "https://registry.yarnpkg.com/hammerjs/-/hammerjs-2.0.8.tgz#04ef77862cff2bb79d30f7692095930222bf60f1"
  
  has-flag@^1.0.0:
    version "1.0.0"
    resolved "https://registry.yarnpkg.com/has-flag/-/has-flag-1.0.0.tgz#9d9e793165ce017a00f00418c43f942a7b1d11fa"
  
  has@^1.0.1:
    version "1.0.3"
    resolved "https://registry.yarnpkg.com/has/-/has-1.0.3.tgz#722d7cbfc1f6aa8241f16dd814e011e1f41e8796"
    dependencies:
      function-bind "^1.1.1"
  
  hoist-non-react-statics@^2.5.0:
    version "2.5.5"
    resolved "https://registry.yarnpkg.com/hoist-non-react-statics/-/hoist-non-react-statics-2.5.5.tgz#c5903cf409c0dfd908f388e619d86b9c1174cb47"
  
  hsluv@^0.0.3:
    version "0.0.3"
    resolved "https://registry.yarnpkg.com/hsluv/-/hsluv-0.0.3.tgz#829107dafb4a9f8b52a1809ed02e091eade6754c"
  
  iconv-lite@~0.4.13:
    version "0.4.24"
    resolved "https://registry.yarnpkg.com/iconv-lite/-/iconv-lite-0.4.24.tgz#2022b4b25fbddc21d2f524974a474aafe733908b"
    dependencies:
      safer-buffer ">= 2.1.2 < 3"
  
  ieee754@^1.1.4, ieee754@^1.1.6:
    version "1.1.12"
    resolved "https://registry.yarnpkg.com/ieee754/-/ieee754-1.1.12.tgz#50bf24e5b9c8bb98af4964c941cdb0918da7b60b"
  
  immutable@^3.8.2:
    version "3.8.2"
    resolved "https://registry.yarnpkg.com/immutable/-/immutable-3.8.2.tgz#c2439951455bb39913daf281376f1530e104adf3"
  
  immutable@~3.7.4:
    version "3.7.6"
    resolved "https://registry.yarnpkg.com/immutable/-/immutable-3.7.6.tgz#13b4d3cb12befa15482a26fe1b2ebae640071e4b"
  
  inherits@^2.0.3, inherits@~2.0.1, inherits@~2.0.3:
    version "2.0.3"
    resolved "https://registry.yarnpkg.com/inherits/-/inherits-2.0.3.tgz#633c2c83e3da42a502f52466022480f4208261de"
  
  is-stream@^1.0.1:
    version "1.1.0"
    resolved "https://registry.yarnpkg.com/is-stream/-/is-stream-1.1.0.tgz#12d4a3dd4e68e0b79ceb8dbc84173ae80d91ca44"
  
  isarray@0.0.1:
    version "0.0.1"
    resolved "https://registry.yarnpkg.com/isarray/-/isarray-0.0.1.tgz#8a18acfca9a8f4177e09abfc6038939b05d1eedf"
  
  isarray@~1.0.0:
    version "1.0.0"
    resolved "https://registry.yarnpkg.com/isarray/-/isarray-1.0.0.tgz#bb935d48582cba168c06834957a54a3e07124f11"
  
  isomorphic-fetch@^2.1.1:
    version "2.2.1"
    resolved "https://registry.yarnpkg.com/isomorphic-fetch/-/isomorphic-fetch-2.2.1.tgz#611ae1acf14f5e81f729507472819fe9733558a9"
    dependencies:
      node-fetch "^1.0.1"
      whatwg-fetch ">=0.10.0"
  
  "js-tokens@^3.0.0 || ^4.0.0":
    version "4.0.0"
    resolved "https://registry.yarnpkg.com/js-tokens/-/js-tokens-4.0.0.tgz#19203fb59991df98e3a287050d4647cdeaf32499"
  
  kdbush@^2.0.1:
    version "2.0.1"
    resolved "https://registry.yarnpkg.com/kdbush/-/kdbush-2.0.1.tgz#90c6128e3001ac68c550d7c9e2f222c0269666f1"
  
  leaflet@^1.3.4:
    version "1.3.4"
    resolved "https://registry.yarnpkg.com/leaflet/-/leaflet-1.3.4.tgz#7f006ea5832603b53d7269ef5c595fd773060a40"
  
  levn@~0.3.0:
    version "0.3.0"
    resolved "https://registry.yarnpkg.com/levn/-/levn-0.3.0.tgz#3b09924edf9f083c0490fdd4c0bc4421e04764ee"
    dependencies:
      prelude-ls "~1.1.2"
      type-check "~0.3.2"
  
  loose-envify@^1.0.0, loose-envify@^1.1.0, loose-envify@^1.3.1:
    version "1.4.0"
    resolved "https://registry.yarnpkg.com/loose-envify/-/loose-envify-1.4.0.tgz#71ee51fa7be4caec1a63839f7e682d8132d30caf"
    dependencies:
      js-tokens "^3.0.0 || ^4.0.0"
  
  magic-string@^0.22.4:
    version "0.22.5"
    resolved "http://registry.npmjs.org/magic-string/-/magic-string-0.22.5.tgz#8e9cf5afddf44385c1da5bc2a6a0dbd10b03657e"
    dependencies:
      vlq "^0.2.2"
  
  mapbox-gl@~0.50.0:
    version "0.50.0"
    resolved "https://registry.yarnpkg.com/mapbox-gl/-/mapbox-gl-0.50.0.tgz#49f44149f02fdd25ab64a2ec4efc7a11a5c96f55"
    dependencies:
      "@mapbox/geojson-types" "^1.0.2"
      "@mapbox/jsonlint-lines-primitives" "^2.0.2"
      "@mapbox/mapbox-gl-supported" "^1.4.0"
      "@mapbox/point-geometry" "^0.1.0"
      "@mapbox/tiny-sdf" "^1.1.0"
      "@mapbox/unitbezier" "^0.0.0"
      "@mapbox/vector-tile" "^1.3.1"
      "@mapbox/whoots-js" "^3.1.0"
      brfs "^1.4.4"
      csscolorparser "~1.0.2"
      earcut "^2.1.3"
      geojson-rewind "^0.3.0"
      geojson-vt "^3.2.0"
      gl-matrix "^2.6.1"
      grid-index "^1.0.0"
      minimist "0.0.8"
      murmurhash-js "^1.0.0"
      pbf "^3.0.5"
      potpack "^1.0.1"
      quickselect "^1.0.0"
      rw "^1.3.3"
      supercluster "^4.1.1"
      tinyqueue "^1.1.0"
      vt-pbf "^3.0.1"
  
  math.gl@^2.0.0, math.gl@^2.1.0:
    version "2.2.0"
    resolved "https://registry.yarnpkg.com/math.gl/-/math.gl-2.2.0.tgz#301dcda760ae235f5fdf471dd67ef2aa8c74d659"
    dependencies:
      "@babel/runtime" "^7.0.0"
      gl-mat3 "^1.0.0"
      gl-mat4 "^1.1.4"
      gl-quat "^1.0.0"
      gl-vec2 "^1.0.0"
      gl-vec3 "^1.0.3"
      gl-vec4 "^1.0.1"
  
  merge-source-map@1.0.4:
    version "1.0.4"
    resolved "https://registry.yarnpkg.com/merge-source-map/-/merge-source-map-1.0.4.tgz#a5de46538dae84d4114cc5ea02b4772a6346701f"
    dependencies:
      source-map "^0.5.6"
  
  minimist@0.0.5:
    version "0.0.5"
    resolved "http://registry.npmjs.org/minimist/-/minimist-0.0.5.tgz#d7aa327bcecf518f9106ac6b8f003fa3bcea8566"
  
  minimist@0.0.8:
    version "0.0.8"
    resolved "http://registry.npmjs.org/minimist/-/minimist-0.0.8.tgz#857fcabfc3397d2625b8228262e86aa7a011b05d"
  
  minimist@1.2.0, minimist@^1.1.3:
    version "1.2.0"
    resolved "http://registry.npmjs.org/minimist/-/minimist-1.2.0.tgz#a35008b20f41383eec1fb914f4cd5df79a264284"
  
  mjolnir.js@^1.2.1:
    version "1.2.2"
    resolved "https://registry.yarnpkg.com/mjolnir.js/-/mjolnir.js-1.2.2.tgz#65938d6b443fed5b5c65456e6c934b01fece3610"
    dependencies:
      hammerjs "^2.0.8"
  
  murmurhash-js@^1.0.0:
    version "1.0.0"
    resolved "https://registry.yarnpkg.com/murmurhash-js/-/murmurhash-js-1.0.0.tgz#b06278e21fc6c37fa5313732b0412bcb6ae15f51"
  
  node-fetch@^1.0.1:
    version "1.7.3"
    resolved "https://registry.yarnpkg.com/node-fetch/-/node-fetch-1.7.3.tgz#980f6f72d85211a5347c6b2bc18c5b84c3eb47ef"
    dependencies:
      encoding "^0.1.11"
      is-stream "^1.0.1"
  
  object-assign@^4.1.0, object-assign@^4.1.1:
    version "4.1.1"
    resolved "https://registry.yarnpkg.com/object-assign/-/object-assign-4.1.1.tgz#2109adc7965887cfc05cbbd442cac8bfbb360863"
  
  object-inspect@~1.4.0:
    version "1.4.1"
    resolved "https://registry.yarnpkg.com/object-inspect/-/object-inspect-1.4.1.tgz#37ffb10e71adaf3748d05f713b4c9452f402cbc4"
  
  object-keys@^1.0.6:
    version "1.0.12"
    resolved "https://registry.yarnpkg.com/object-keys/-/object-keys-1.0.12.tgz#09c53855377575310cca62f55bb334abff7b3ed2"
  
  optionator@^0.8.1:
    version "0.8.2"
    resolved "https://registry.yarnpkg.com/optionator/-/optionator-0.8.2.tgz#364c5e409d3f4d6301d6c0b4c05bba50180aeb64"
    dependencies:
      deep-is "~0.1.3"
      fast-levenshtein "~2.0.4"
      levn "~0.3.0"
      prelude-ls "~1.1.2"
      type-check "~0.3.2"
      wordwrap "~1.0.0"
  
  path-parse@^1.0.5:
    version "1.0.6"
    resolved "https://registry.yarnpkg.com/path-parse/-/path-parse-1.0.6.tgz#d62dbb5679405d72c4737ec58600e9ddcf06d24c"
  
  pbf@^3.0.5:
    version "3.1.0"
    resolved "https://registry.yarnpkg.com/pbf/-/pbf-3.1.0.tgz#f70004badcb281761eabb1e76c92f179f08189e9"
    dependencies:
      ieee754 "^1.1.6"
      resolve-protobuf-schema "^2.0.0"
  
  postcss-value-parser@^3.3.0:
    version "3.3.1"
    resolved "https://registry.yarnpkg.com/postcss-value-parser/-/postcss-value-parser-3.3.1.tgz#9ff822547e2893213cf1c30efa51ac5fd1ba8281"
  
  potpack@^1.0.1:
    version "1.0.1"
    resolved "https://registry.yarnpkg.com/potpack/-/potpack-1.0.1.tgz#d1b1afd89e4c8f7762865ec30bd112ab767e2ebf"
  
  prelude-ls@~1.1.2:
    version "1.1.2"
    resolved "https://registry.yarnpkg.com/prelude-ls/-/prelude-ls-1.1.2.tgz#21932a549f5e52ffd9a827f570e04be62a97da54"
  
  process-nextick-args@~2.0.0:
    version "2.0.0"
    resolved "https://registry.yarnpkg.com/process-nextick-args/-/process-nextick-args-2.0.0.tgz#a37d732f4271b4ab1ad070d35508e8290788ffaa"
  
  promise@^7.1.1:
    version "7.3.1"
    resolved "https://registry.yarnpkg.com/promise/-/promise-7.3.1.tgz#064b72602b18f90f29192b8b1bc418ffd1ebd3bf"
    dependencies:
      asap "~2.0.3"
  
  prop-types@^15.5.4, prop-types@^15.5.7, prop-types@^15.6.1, prop-types@^15.6.2:
    version "15.6.2"
    resolved "https://registry.yarnpkg.com/prop-types/-/prop-types-15.6.2.tgz#05d5ca77b4453e985d60fc7ff8c859094a497102"
    dependencies:
      loose-envify "^1.3.1"
      object-assign "^4.1.1"
  
  protocol-buffers-schema@^3.3.1:
    version "3.3.2"
    resolved "https://registry.yarnpkg.com/protocol-buffers-schema/-/protocol-buffers-schema-3.3.2.tgz#00434f608b4e8df54c59e070efeefc37fb4bb859"
  
  quickselect@^1.0.0:
    version "1.1.1"
    resolved "https://registry.yarnpkg.com/quickselect/-/quickselect-1.1.1.tgz#852e412ce418f237ad5b660d70cffac647ae94c2"
  
  quote-stream@^1.0.1, quote-stream@~1.0.2:
    version "1.0.2"
    resolved "https://registry.yarnpkg.com/quote-stream/-/quote-stream-1.0.2.tgz#84963f8c9c26b942e153feeb53aae74652b7e0b2"
    dependencies:
      buffer-equal "0.0.1"
      minimist "^1.1.3"
      through2 "^2.0.0"
  
  react-is@^16.3.1:
    version "16.6.3"
    resolved "https://registry.yarnpkg.com/react-is/-/react-is-16.6.3.tgz#d2d7462fcfcbe6ec0da56ad69047e47e56e7eac0"
  
  react-map-gl@^3.3.0:
    version "3.3.9"
    resolved "https://registry.yarnpkg.com/react-map-gl/-/react-map-gl-3.3.9.tgz#028526d7f70d8391784d8804e21005497752c194"
    dependencies:
      babel-runtime "^6.23.0"
      immutable "^3.8.2"
      mapbox-gl "~0.50.0"
      math.gl "^2.0.0"
      mjolnir.js "^1.2.1"
      prop-types "^15.5.7"
      viewport-mercator-project "^6.0.0"
  
  react@^16.3.0, react@^16.3.2:
    version "16.6.3"
    resolved "https://registry.yarnpkg.com/react/-/react-16.6.3.tgz#25d77c91911d6bbdd23db41e70fb094cc1e0871c"
    dependencies:
      loose-envify "^1.1.0"
      object-assign "^4.1.1"
      prop-types "^15.6.2"
      scheduler "^0.11.2"
  
  readable-stream@^2.0.2, readable-stream@^2.2.2, readable-stream@~2.3.3, readable-stream@~2.3.6:
    version "2.3.6"
    resolved "http://registry.npmjs.org/readable-stream/-/readable-stream-2.3.6.tgz#b11c27d88b8ff1fbe070643cf94b0c79ae1b0aaf"
    dependencies:
      core-util-is "~1.0.0"
      inherits "~2.0.3"
      isarray "~1.0.0"
      process-nextick-args "~2.0.0"
      safe-buffer "~5.1.1"
      string_decoder "~1.1.1"
      util-deprecate "~1.0.1"
  
  readable-stream@~1.1.0:
    version "1.1.14"
    resolved "http://registry.npmjs.org/readable-stream/-/readable-stream-1.1.14.tgz#7cf4c54ef648e3813084c636dd2079e166c081d9"
    dependencies:
      core-util-is "~1.0.0"
      inherits "~2.0.1"
      isarray "0.0.1"
      string_decoder "~0.10.x"
  
  redeyed@~0.4.0:
    version "0.4.4"
    resolved "https://registry.yarnpkg.com/redeyed/-/redeyed-0.4.4.tgz#37e990a6f2b21b2a11c2e6a48fd4135698cba97f"
    dependencies:
      esprima "~1.0.4"
  
  regenerator-runtime@^0.11.0:
    version "0.11.1"
    resolved "https://registry.yarnpkg.com/regenerator-runtime/-/regenerator-runtime-0.11.1.tgz#be05ad7f9bf7d22e056f9726cee5017fbf19e2e9"
  
  regenerator-runtime@^0.12.0:
    version "0.12.1"
    resolved "https://registry.yarnpkg.com/regenerator-runtime/-/regenerator-runtime-0.12.1.tgz#fa1a71544764c036f8c49b13a08b2594c9f8a0de"
  
  resolve-protobuf-schema@^2.0.0:
    version "2.1.0"
    resolved "https://registry.yarnpkg.com/resolve-protobuf-schema/-/resolve-protobuf-schema-2.1.0.tgz#9ca9a9e69cf192bbdaf1006ec1973948aa4a3758"
    dependencies:
      protocol-buffers-schema "^3.3.1"
  
  resolve@^1.1.5:
    version "1.8.1"
    resolved "https://registry.yarnpkg.com/resolve/-/resolve-1.8.1.tgz#82f1ec19a423ac1fbd080b0bab06ba36e84a7a26"
    dependencies:
      path-parse "^1.0.5"
  
  rw@^1.3.3:
    version "1.3.3"
    resolved "https://registry.yarnpkg.com/rw/-/rw-1.3.3.tgz#3f862dfa91ab766b14885ef4d01124bfda074fb4"
  
  safe-buffer@~5.1.0, safe-buffer@~5.1.1:
    version "5.1.2"
    resolved "https://registry.yarnpkg.com/safe-buffer/-/safe-buffer-5.1.2.tgz#991ec69d296e0313747d59bdfd2b745c35f8828d"
  
  "safer-buffer@>= 2.1.2 < 3":
    version "2.1.2"
    resolved "https://registry.yarnpkg.com/safer-buffer/-/safer-buffer-2.1.2.tgz#44fa161b0187b9549dd84bb91802f9bd8385cd6a"
  
  scheduler@^0.11.2:
    version "0.11.2"
    resolved "https://registry.yarnpkg.com/scheduler/-/scheduler-0.11.2.tgz#a8db5399d06eba5abac51b705b7151d2319d33d3"
    dependencies:
      loose-envify "^1.1.0"
      object-assign "^4.1.1"
  
  setimmediate@^1.0.5:
    version "1.0.5"
    resolved "https://registry.yarnpkg.com/setimmediate/-/setimmediate-1.0.5.tgz#290cbb232e306942d7d7ea9b83732ab7856f8285"
  
  shallow-copy@~0.0.1:
    version "0.0.1"
    resolved "https://registry.yarnpkg.com/shallow-copy/-/shallow-copy-0.0.1.tgz#415f42702d73d810330292cc5ee86eae1a11a170"
  
  sharkdown@^0.1.0:
    version "0.1.0"
    resolved "https://registry.yarnpkg.com/sharkdown/-/sharkdown-0.1.0.tgz#61d4fe529e75d02442127cc9234362265099214f"
    dependencies:
      cardinal "~0.4.2"
      expect.js "~0.2.0"
      minimist "0.0.5"
      split "~0.2.10"
      stream-spigot "~2.1.2"
      through "~2.3.4"
  
  source-map@^0.5.6:
    version "0.5.7"
    resolved "https://registry.yarnpkg.com/source-map/-/source-map-0.5.7.tgz#8a039d2d1021d22d1ea14c80d8ea468ba2ef3fcc"
  
  source-map@~0.6.1:
    version "0.6.1"
    resolved "https://registry.yarnpkg.com/source-map/-/source-map-0.6.1.tgz#74722af32e9614e9c287a8d0bbde48b5e2f1a263"
  
  split@~0.2.10:
    version "0.2.10"
    resolved "http://registry.npmjs.org/split/-/split-0.2.10.tgz#67097c601d697ce1368f418f06cd201cf0521a57"
    dependencies:
      through "2"
  
  static-eval@^2.0.0:
    version "2.0.0"
    resolved "https://registry.yarnpkg.com/static-eval/-/static-eval-2.0.0.tgz#0e821f8926847def7b4b50cda5d55c04a9b13864"
    dependencies:
      escodegen "^1.8.1"
  
  static-module@^2.2.0:
    version "2.2.5"
    resolved "https://registry.yarnpkg.com/static-module/-/static-module-2.2.5.tgz#bd40abceae33da6b7afb84a0e4329ff8852bfbbf"
    dependencies:
      concat-stream "~1.6.0"
      convert-source-map "^1.5.1"
      duplexer2 "~0.1.4"
      escodegen "~1.9.0"
      falafel "^2.1.0"
      has "^1.0.1"
      magic-string "^0.22.4"
      merge-source-map "1.0.4"
      object-inspect "~1.4.0"
      quote-stream "~1.0.2"
      readable-stream "~2.3.3"
      shallow-copy "~0.0.1"
      static-eval "^2.0.0"
      through2 "~2.0.3"
  
  stream-spigot@~2.1.2:
    version "2.1.2"
    resolved "https://registry.yarnpkg.com/stream-spigot/-/stream-spigot-2.1.2.tgz#7de145e819f8dd0db45090d13dcf73a8ed3cc035"
    dependencies:
      readable-stream "~1.1.0"
  
  string_decoder@~0.10.x:
    version "0.10.31"
    resolved "http://registry.npmjs.org/string_decoder/-/string_decoder-0.10.31.tgz#62e203bc41766c6c28c9fc84301dab1c5310fa94"
  
  string_decoder@~1.1.1:
    version "1.1.1"
    resolved "http://registry.npmjs.org/string_decoder/-/string_decoder-1.1.1.tgz#9cf1611ba62685d7030ae9e4ba34149c3af03fc8"
    dependencies:
      safe-buffer "~5.1.0"
  
  styled-components@^3.4.5:
    version "3.4.10"
    resolved "https://registry.yarnpkg.com/styled-components/-/styled-components-3.4.10.tgz#9a654c50ea2b516c36ade57ddcfa296bf85c96e1"
    dependencies:
      buffer "^5.0.3"
      css-to-react-native "^2.0.3"
      fbjs "^0.8.16"
      hoist-non-react-statics "^2.5.0"
      prop-types "^15.5.4"
      react-is "^16.3.1"
      stylis "^3.5.0"
      stylis-rule-sheet "^0.0.10"
      supports-color "^3.2.3"
  
  stylis-rule-sheet@^0.0.10:
    version "0.0.10"
    resolved "https://registry.yarnpkg.com/stylis-rule-sheet/-/stylis-rule-sheet-0.0.10.tgz#44e64a2b076643f4b52e5ff71efc04d8c3c4a430"
  
  stylis@^3.5.0:
    version "3.5.4"
    resolved "https://registry.yarnpkg.com/stylis/-/stylis-3.5.4.tgz#f665f25f5e299cf3d64654ab949a57c768b73fbe"
  
  supercluster@^4.1.1:
    version "4.1.1"
    resolved "https://registry.yarnpkg.com/supercluster/-/supercluster-4.1.1.tgz#cf13c3b28a3fb3db5290bfad7f524e244bd4ce78"
    dependencies:
      kdbush "^2.0.1"
  
  supports-color@^3.2.3:
    version "3.2.3"
    resolved "https://registry.yarnpkg.com/supports-color/-/supports-color-3.2.3.tgz#65ac0504b3954171d8a64946b2ae3cbb8a5f54f6"
    dependencies:
      has-flag "^1.0.0"
  
  through2@^2.0.0, through2@~2.0.3:
    version "2.0.5"
    resolved "https://registry.yarnpkg.com/through2/-/through2-2.0.5.tgz#01c1e39eb31d07cb7d03a96a70823260b23132cd"
    dependencies:
      readable-stream "~2.3.6"
      xtend "~4.0.1"
  
  through@2, through@~2.3.4:
    version "2.3.8"
    resolved "http://registry.npmjs.org/through/-/through-2.3.8.tgz#0dd4c9ffaabc357960b1b724115d7e0e86a2e1f5"
  
  tinyqueue@^1.1.0:
    version "1.2.3"
    resolved "https://registry.yarnpkg.com/tinyqueue/-/tinyqueue-1.2.3.tgz#b6a61de23060584da29f82362e45df1ec7353f3d"
  
  type-check@~0.3.2:
    version "0.3.2"
    resolved "https://registry.yarnpkg.com/type-check/-/type-check-0.3.2.tgz#5884cab512cf1d355e3fb784f30804b2b520db72"
    dependencies:
      prelude-ls "~1.1.2"
  
  typedarray@^0.0.6:
    version "0.0.6"
    resolved "https://registry.yarnpkg.com/typedarray/-/typedarray-0.0.6.tgz#867ac74e3864187b1d3d47d996a78ec5c8830777"
  
  ua-parser-js@^0.7.18:
    version "0.7.19"
    resolved "https://registry.yarnpkg.com/ua-parser-js/-/ua-parser-js-0.7.19.tgz#94151be4c0a7fb1d001af7022fdaca4642659e4b"
  
  util-deprecate@~1.0.1:
    version "1.0.2"
    resolved "https://registry.yarnpkg.com/util-deprecate/-/util-deprecate-1.0.2.tgz#450d4dc9fa70de732762fbd2d4a28981419a0ccf"
  
  viewport-mercator-project@^6.0.0:
    version "6.0.0"
    resolved "https://registry.yarnpkg.com/viewport-mercator-project/-/viewport-mercator-project-6.0.0.tgz#33b8bb40bae44978b889e5425f4f5d26f2367ecb"
    dependencies:
      "@babel/runtime" "^7.0.0"
      math.gl "^2.1.0"
  
  vlq@^0.2.2:
    version "0.2.3"
    resolved "https://registry.yarnpkg.com/vlq/-/vlq-0.2.3.tgz#8f3e4328cf63b1540c0d67e1b2778386f8975b26"
  
  vt-pbf@^3.0.1:
    version "3.1.1"
    resolved "https://registry.yarnpkg.com/vt-pbf/-/vt-pbf-3.1.1.tgz#b0f627e39a10ce91d943b898ed2363d21899fb82"
    dependencies:
      "@mapbox/point-geometry" "0.1.0"
      "@mapbox/vector-tile" "^1.3.1"
      pbf "^3.0.5"
  
  wgs84@0.0.0:
    version "0.0.0"
    resolved "https://registry.yarnpkg.com/wgs84/-/wgs84-0.0.0.tgz#34fdc555917b6e57cf2a282ed043710c049cdc76"
  
  whatwg-fetch@>=0.10.0:
    version "3.0.0"
    resolved "https://registry.yarnpkg.com/whatwg-fetch/-/whatwg-fetch-3.0.0.tgz#fc804e458cc460009b1a2b966bc8817d2578aefb"
  
  wordwrap@~1.0.0:
    version "1.0.0"
    resolved "https://registry.yarnpkg.com/wordwrap/-/wordwrap-1.0.0.tgz#27584810891456a4171c8d0226441ade90cbcaeb"
  
  xtend@~4.0.1:
    version "4.0.1"
    resolved "https://registry.yarnpkg.com/xtend/-/xtend-4.0.1.tgz#a5c6d532be656e23db820efb943a1f04998d63af"
